Error processing line 1 of /home/inf151915/miniconda3/lib/python3.13/site-packages/distutils-precedence.pth:

Fatal Python error: init_import_site: Failed to import the site module
Python runtime state: initialized
Traceback (most recent call last):
  File "<frozen site>", line 207, in addpackage
  File "<string>", line 1, in <module>
  File "<frozen importlib._bootstrap>", line 1360, in _find_and_load
  File "<frozen importlib._bootstrap>", line 1322, in _find_and_load_unlocked
  File "<frozen importlib._bootstrap>", line 1262, in _find_spec
  File "<frozen importlib._bootstrap_external>", line 1560, in find_spec
  File "<frozen importlib._bootstrap_external>", line 1534, in _get_spec
  File "<frozen importlib._bootstrap_external>", line 1637, in find_spec
  File "<frozen importlib._bootstrap_external>", line 1680, in _fill_cache
BrokenPipeError: [Errno 108] Cannot send after transport endpoint shutdown: '/home/inf151915/miniconda3/lib/python3.13'

During handling of the above exception, another exception occurred:

Traceback (most recent call last):
  File "<frozen importlib._bootstrap>", line 1360, in _find_and_load
  File "<frozen importlib._bootstrap>", line 1331, in _find_and_load_unlocked
  File "<frozen importlib._bootstrap>", line 935, in _load_unlocked
  File "<frozen importlib._bootstrap>", line 1176, in exec_module
  File "<frozen site>", line 716, in <module>
  File "<frozen site>", line 703, in main
  File "<frozen site>", line 422, in addsitepackages
  File "<frozen site>", line 248, in addsitedir
  File "<frozen site>", line 217, in addpackage
  File "<frozen importlib._bootstrap>", line 1360, in _find_and_load
  File "<frozen importlib._bootstrap>", line 1322, in _find_and_load_unlocked
  File "<frozen importlib._bootstrap>", line 1262, in _find_spec
  File "<frozen importlib._bootstrap_external>", line 1560, in find_spec
  File "<frozen importlib._bootstrap_external>", line 1534, in _get_spec
  File "<frozen importlib._bootstrap_external>", line 1637, in find_spec
  File "<frozen importlib._bootstrap_external>", line 1680, in _fill_cache
BrokenPipeError: [Errno 108] Cannot send after transport endpoint shutdown: '/home/inf151915/miniconda3/lib/python3.13'
/tmp/tmpd0i_lzjz: line 2: conda: command not found
/tmp/tmpd0i_lzjz: line 3: python: command not found

ERROR conda.cli.main_run:execute(127): `conda run python /home/inf151915/d2t/.conda/test-response.py --port 2993` failed. (See above for error)
/var/spool/slurmd/job913481/slurm_script: line 28: 1012094 Bus error               (core dumped) conda run -n openevolve-env python ~/d2t/.conda/test-response.py --port 2993

DirectoryNotACondaEnvironmentError: The target directory exists, but it is not a conda environment.
Use 'conda create' to convert the directory to a conda environment.
  target directory: /home/inf151915/miniconda3/envs/openevolve-env


Error loading anaconda-anon-usage: cannot import name 'patch' from 'anaconda_anon_usage' (/home/inf151915/miniconda3/lib/python3.13/site-packages/anaconda_anon_usage/__init__.py)
Error importing conda-build: [Errno 108] Cannot send after transport endpoint shutdown: '/home/inf151915/miniconda3/condabin'
KeyError('active_prefix_name')
Traceback (most recent call last):
  File "/home/inf151915/miniconda3/lib/python3.13/site-packages/conda/exception_handler.py", line 28, in __call__
  File "/home/inf151915/miniconda3/lib/python3.13/site-packages/conda/cli/main.py", line 54, in main_subshell
  File "/home/inf151915/miniconda3/lib/python3.13/site-packages/conda/base/context.py", line 549, in __init__
  File "/home/inf151915/miniconda3/lib/python3.13/site-packages/conda/common/configuration.py", line 1455, in _set_search_path
  File "/home/inf151915/miniconda3/lib/python3.13/site-packages/boltons/setutils.py", line 118, in __init__
  File "/home/inf151915/miniconda3/lib/python3.13/site-packages/boltons/setutils.py", line 351, in update
  File "/home/inf151915/miniconda3/lib/python3.13/site-packages/conda/common/configuration.py", line 1428, in _expand_search_path
  File "/home/inf151915/miniconda3/lib/python3.13/pathlib/_abc.py", line 482, in is_file
  File "/home/inf151915/miniconda3/lib/python3.13/pathlib/_local.py", line 515, in stat
BrokenPipeError: [Errno 108] Cannot send after transport endpoint shutdown: '/home/inf151915/miniconda3/condarc'

During handling of the above exception, another exception occurred:

Traceback (most recent call last):
  File "/home/inf151915/miniconda3/lib/python3.13/site-packages/conda/exception_handler.py", line 189, in print_unexpected_error_report
  File "/home/inf151915/miniconda3/lib/python3.13/site-packages/conda/cli/main_info.py", line 403, in get_main_info_str
  File "/home/inf151915/miniconda3/lib/python3.13/site-packages/conda/cli/main_info.py", line 393, in get_main_info_display
  File "/home/inf151915/miniconda3/lib/python3.13/site-packages/conda/cli/main_info.py", line 353, in builder
KeyError: 'active_prefix_name'

# >>>>>>>>>>>>>>>>>>>>>> ERROR REPORT <<<<<<<<<<<<<<<<<<<<<<

    Traceback (most recent call last):
      File "/home/inf151915/miniconda3/lib/python3.13/site-packages/conda/exception_handler.py", line 28, in __call__
      File "/home/inf151915/miniconda3/lib/python3.13/site-packages/conda/cli/main.py", line 54, in main_subshell
      File "/home/inf151915/miniconda3/lib/python3.13/site-packages/conda/base/context.py", line 549, in __init__
      File "/home/inf151915/miniconda3/lib/python3.13/site-packages/conda/common/configuration.py", line 1455, in _set_search_path
      File "/home/inf151915/miniconda3/lib/python3.13/site-packages/boltons/setutils.py", line 118, in __init__
      File "/home/inf151915/miniconda3/lib/python3.13/site-packages/boltons/setutils.py", line 351, in update
      File "/home/inf151915/miniconda3/lib/python3.13/site-packages/conda/common/configuration.py", line 1428, in _expand_search_path
      File "/home/inf151915/miniconda3/lib/python3.13/pathlib/_abc.py", line 482, in is_file
      File "/home/inf151915/miniconda3/lib/python3.13/pathlib/_local.py", line 515, in stat
    BrokenPipeError: [Errno 108] Cannot send after transport endpoint shutdown: '/home/inf151915/miniconda3/condarc'

`$ /home/inf151915/miniconda3/condabin/conda run -n openevolve-env python ../../openevolve/openevolve-run.py initial_program.py evaluator.py --config /home/inf151915/d2t/problems/triples_to_text/outputs/3_sm1ifeyp/Building_output/config_remote.yaml --output ./outputs/3_sm1ifeyp/Building_output/openevolve_output`

  environment variables:
conda info could not be constructed.
KeyError('active_prefix_name')

An unexpected error has occurred. Conda has prepared the above report.
If you suspect this error is being caused by a malfunctioning plugin,
consider using the --no-plugins option to turn off plugins.

Example: conda --no-plugins install <package>

Alternatively, you can set the CONDA_NO_PLUGINS environment variable on
the command line to run the command without plugins enabled.

Example: CONDA_NO_PLUGINS=true conda install <package>

/tmp/tmptrgriufe: line 1: /home/inf151915/miniconda3/bin/conda: Cannot send after transport endpoint shutdown
/tmp/tmptrgriufe: line 2: conda: command not found
/tmp/tmptrgriufe: line 3: python: command not found

ERROR conda.cli.main_run:execute(127): `conda run python ../../../plot_results.py` failed. (See above for error)
/var/spool/slurmd/job913481/slurm_script: line 55: 1012280 Bus error               (core dumped) conda run -n openevolve-env python ~/d2t/tripler/batch_wrapper_server.py --upstream-base-url http://localhost:2993 --port 2992 --storage-dir ~/.batch_wrapper_data 2>&1  (wd: ~/d2t/problems/triples_to_text)
KeyError('active_prefix_name')
Traceback (most recent call last):
  File "/home/inf151915/miniconda3/lib/python3.13/site-packages/conda/exception_handler.py", line 28, in __call__
  File "/home/inf151915/miniconda3/lib/python3.13/site-packages/conda/cli/main.py", line 54, in main_subshell
  File "/home/inf151915/miniconda3/lib/python3.13/site-packages/conda/base/context.py", line 549, in __init__
  File "/home/inf151915/miniconda3/lib/python3.13/site-packages/conda/common/configuration.py", line 1455, in _set_search_path
  File "/home/inf151915/miniconda3/lib/python3.13/site-packages/boltons/setutils.py", line 118, in __init__
  File "/home/inf151915/miniconda3/lib/python3.13/site-packages/boltons/setutils.py", line 351, in update
  File "/home/inf151915/miniconda3/lib/python3.13/site-packages/conda/common/configuration.py", line 1428, in _expand_search_path
  File "/home/inf151915/miniconda3/lib/python3.13/pathlib/_abc.py", line 482, in is_file
  File "/home/inf151915/miniconda3/lib/python3.13/pathlib/_local.py", line 515, in stat
BrokenPipeError: [Errno 108] Cannot send after transport endpoint shutdown: '$XDG_CONFIG_HOME/conda/.condarc'

During handling of the above exception, another exception occurred:

Traceback (most recent call last):
  File "/home/inf151915/miniconda3/lib/python3.13/site-packages/conda/exception_handler.py", line 189, in print_unexpected_error_report
  File "/home/inf151915/miniconda3/lib/python3.13/site-packages/conda/cli/main_info.py", line 403, in get_main_info_str
  File "/home/inf151915/miniconda3/lib/python3.13/site-packages/conda/cli/main_info.py", line 393, in get_main_info_display
  File "/home/inf151915/miniconda3/lib/python3.13/site-packages/conda/cli/main_info.py", line 353, in builder
KeyError: 'active_prefix_name'

# >>>>>>>>>>>>>>>>>>>>>> ERROR REPORT <<<<<<<<<<<<<<<<<<<<<<

    Traceback (most recent call last):
      File "/home/inf151915/miniconda3/lib/python3.13/site-packages/conda/exception_handler.py", line 28, in __call__
      File "/home/inf151915/miniconda3/lib/python3.13/site-packages/conda/cli/main.py", line 54, in main_subshell
      File "/home/inf151915/miniconda3/lib/python3.13/site-packages/conda/base/context.py", line 549, in __init__
      File "/home/inf151915/miniconda3/lib/python3.13/site-packages/conda/common/configuration.py", line 1455, in _set_search_path
      File "/home/inf151915/miniconda3/lib/python3.13/site-packages/boltons/setutils.py", line 118, in __init__
      File "/home/inf151915/miniconda3/lib/python3.13/site-packages/boltons/setutils.py", line 351, in update
      File "/home/inf151915/miniconda3/lib/python3.13/site-packages/conda/common/configuration.py", line 1428, in _expand_search_path
      File "/home/inf151915/miniconda3/lib/python3.13/pathlib/_abc.py", line 482, in is_file
      File "/home/inf151915/miniconda3/lib/python3.13/pathlib/_local.py", line 515, in stat
    BrokenPipeError: [Errno 108] Cannot send after transport endpoint shutdown: '$XDG_CONFIG_HOME/conda/.condarc'

`$ /home/inf151915/miniconda3/condabin/conda run -n openevolve-env python ../../../final_test.py`

  environment variables:
conda info could not be constructed.
KeyError('active_prefix_name')

An unexpected error has occurred. Conda has prepared the above report.
If you suspect this error is being caused by a malfunctioning plugin,
consider using the --no-plugins option to turn off plugins.

Example: conda --no-plugins install <package>

Alternatively, you can set the CONDA_NO_PLUGINS environment variable on
the command line to run the command without plugins enabled.

Example: CONDA_NO_PLUGINS=true conda install <package>

