Error importing conda-build: [Errno 108] Cannot send after transport endpoint shutdown: '/home/inf151915/miniconda3/condabin'
KeyError('active_prefix_name')
Traceback (most recent call last):
  File "/home/inf151915/miniconda3/lib/python3.13/site-packages/conda/exception_handler.py", line 28, in __call__
  File "/home/inf151915/miniconda3/lib/python3.13/site-packages/conda/cli/main.py", line 54, in main_subshell
  File "/home/inf151915/miniconda3/lib/python3.13/site-packages/conda/base/context.py", line 549, in __init__
  File "/home/inf151915/miniconda3/lib/python3.13/site-packages/conda/common/configuration.py", line 1455, in _set_search_path
  File "/home/inf151915/miniconda3/lib/python3.13/site-packages/boltons/setutils.py", line 118, in __init__
  File "/home/inf151915/miniconda3/lib/python3.13/site-packages/boltons/setutils.py", line 351, in update
  File "/home/inf151915/miniconda3/lib/python3.13/site-packages/conda/common/configuration.py", line 1428, in _expand_search_path
  File "/home/inf151915/miniconda3/lib/python3.13/pathlib/_abc.py", line 482, in is_file
  File "/home/inf151915/miniconda3/lib/python3.13/pathlib/_local.py", line 515, in stat
BrokenPipeError: [Errno 108] Cannot send after transport endpoint shutdown: '/home/inf151915/.conda/.condarc'

During handling of the above exception, another exception occurred:

Traceback (most recent call last):
  File "/home/inf151915/miniconda3/lib/python3.13/site-packages/conda/exception_handler.py", line 189, in print_unexpected_error_report
  File "/home/inf151915/miniconda3/lib/python3.13/site-packages/conda/cli/main_info.py", line 403, in get_main_info_str
  File "/home/inf151915/miniconda3/lib/python3.13/site-packages/conda/cli/main_info.py", line 393, in get_main_info_display
  File "/home/inf151915/miniconda3/lib/python3.13/site-packages/conda/cli/main_info.py", line 353, in builder
KeyError: 'active_prefix_name'

# >>>>>>>>>>>>>>>>>>>>>> ERROR REPORT <<<<<<<<<<<<<<<<<<<<<<

    Traceback (most recent call last):
      File "/home/inf151915/miniconda3/lib/python3.13/site-packages/conda/exception_handler.py", line 28, in __call__
      File "/home/inf151915/miniconda3/lib/python3.13/site-packages/conda/cli/main.py", line 54, in main_subshell
      File "/home/inf151915/miniconda3/lib/python3.13/site-packages/conda/base/context.py", line 549, in __init__
      File "/home/inf151915/miniconda3/lib/python3.13/site-packages/conda/common/configuration.py", line 1455, in _set_search_path
      File "/home/inf151915/miniconda3/lib/python3.13/site-packages/boltons/setutils.py", line 118, in __init__
      File "/home/inf151915/miniconda3/lib/python3.13/site-packages/boltons/setutils.py", line 351, in update
      File "/home/inf151915/miniconda3/lib/python3.13/site-packages/conda/common/configuration.py", line 1428, in _expand_search_path
      File "/home/inf151915/miniconda3/lib/python3.13/pathlib/_abc.py", line 482, in is_file
      File "/home/inf151915/miniconda3/lib/python3.13/pathlib/_local.py", line 515, in stat
    BrokenPipeError: [Errno 108] Cannot send after transport endpoint shutdown: '/home/inf151915/.conda/.condarc'

`$ /home/inf151915/miniconda3/condabin/conda run -n openevolve-env python /home/inf151915/d2t/.conda/test-response.py --port 2996`

  environment variables:
conda info could not be constructed.
KeyError('active_prefix_name')

An unexpected error has occurred. Conda has prepared the above report.
If you suspect this error is being caused by a malfunctioning plugin,
consider using the --no-plugins option to turn off plugins.

Example: conda --no-plugins install <package>

Alternatively, you can set the CONDA_NO_PLUGINS environment variable on
the command line to run the command without plugins enabled.

Example: CONDA_NO_PLUGINS=true conda install <package>


DirectoryNotACondaEnvironmentError: The target directory exists, but it is not a conda environment.
Use 'conda create' to convert the directory to a conda environment.
  target directory: /home/inf151915/miniconda3/envs/openevolve-env


Error loading anaconda-anon-usage: cannot import name 'patch' from 'anaconda_anon_usage' (/home/inf151915/miniconda3/lib/python3.13/site-packages/anaconda_anon_usage/__init__.py)

DirectoryNotACondaEnvironmentError: The target directory exists, but it is not a conda environment.
Use 'conda create' to convert the directory to a conda environment.
  target directory: /home/inf151915/miniconda3/envs/openevolve-env


Error loading anaconda-anon-usage: cannot import name 'patch' from 'anaconda_anon_usage' (/home/inf151915/miniconda3/lib/python3.13/site-packages/anaconda_anon_usage/__init__.py)
/tmp/tmphh3yv4p4: line 1: /home/inf151915/miniconda3/bin/conda: Cannot send after transport endpoint shutdown
/tmp/tmphh3yv4p4: /home/inf151915/miniconda3/condabin/conda: /home/inf151915/miniconda3/bin/python: bad interpreter: Cannot send after transport endpoint shutdown
/tmp/tmphh3yv4p4: line 3: python: command not found

ERROR conda.cli.main_run:execute(127): `conda run python ../../../plot_results.py` failed. (See above for error)
/var/spool/slurmd/job913482/slurm_script: line 55: 1012277 Bus error               (core dumped) conda run -n openevolve-env python ~/d2t/tripler/batch_wrapper_server.py --upstream-base-url http://localhost:2996 --port 2995 --storage-dir ~/.batch_wrapper_data 2>&1  (wd: ~/d2t/problems/triples_to_text)
Error importing conda-build: [Errno 108] Cannot send after transport endpoint shutdown: '/home/inf151915/miniconda3/condabin'
KeyError('active_prefix_name')
Traceback (most recent call last):
  File "/home/inf151915/miniconda3/lib/python3.13/site-packages/conda/exception_handler.py", line 28, in __call__
  File "/home/inf151915/miniconda3/lib/python3.13/site-packages/conda/cli/main.py", line 54, in main_subshell
  File "/home/inf151915/miniconda3/lib/python3.13/site-packages/conda/base/context.py", line 549, in __init__
  File "/home/inf151915/miniconda3/lib/python3.13/site-packages/conda/common/configuration.py", line 1455, in _set_search_path
  File "/home/inf151915/miniconda3/lib/python3.13/site-packages/boltons/setutils.py", line 118, in __init__
  File "/home/inf151915/miniconda3/lib/python3.13/site-packages/boltons/setutils.py", line 351, in update
  File "/home/inf151915/miniconda3/lib/python3.13/site-packages/conda/common/configuration.py", line 1428, in _expand_search_path
  File "/home/inf151915/miniconda3/lib/python3.13/pathlib/_abc.py", line 482, in is_file
  File "/home/inf151915/miniconda3/lib/python3.13/pathlib/_local.py", line 515, in stat
BrokenPipeError: [Errno 108] Cannot send after transport endpoint shutdown: '/home/inf151915/miniconda3/.condarc'

During handling of the above exception, another exception occurred:

Traceback (most recent call last):
  File "/home/inf151915/miniconda3/lib/python3.13/site-packages/conda/exception_handler.py", line 189, in print_unexpected_error_report
  File "/home/inf151915/miniconda3/lib/python3.13/site-packages/conda/cli/main_info.py", line 403, in get_main_info_str
  File "/home/inf151915/miniconda3/lib/python3.13/site-packages/conda/cli/main_info.py", line 393, in get_main_info_display
  File "/home/inf151915/miniconda3/lib/python3.13/site-packages/conda/cli/main_info.py", line 353, in builder
KeyError: 'active_prefix_name'

# >>>>>>>>>>>>>>>>>>>>>> ERROR REPORT <<<<<<<<<<<<<<<<<<<<<<

    Traceback (most recent call last):
      File "/home/inf151915/miniconda3/lib/python3.13/site-packages/conda/exception_handler.py", line 28, in __call__
      File "/home/inf151915/miniconda3/lib/python3.13/site-packages/conda/cli/main.py", line 54, in main_subshell
      File "/home/inf151915/miniconda3/lib/python3.13/site-packages/conda/base/context.py", line 549, in __init__
      File "/home/inf151915/miniconda3/lib/python3.13/site-packages/conda/common/configuration.py", line 1455, in _set_search_path
      File "/home/inf151915/miniconda3/lib/python3.13/site-packages/boltons/setutils.py", line 118, in __init__
      File "/home/inf151915/miniconda3/lib/python3.13/site-packages/boltons/setutils.py", line 351, in update
      File "/home/inf151915/miniconda3/lib/python3.13/site-packages/conda/common/configuration.py", line 1428, in _expand_search_path
      File "/home/inf151915/miniconda3/lib/python3.13/pathlib/_abc.py", line 482, in is_file
      File "/home/inf151915/miniconda3/lib/python3.13/pathlib/_local.py", line 515, in stat
    BrokenPipeError: [Errno 108] Cannot send after transport endpoint shutdown: '/home/inf151915/miniconda3/.condarc'

`$ /home/inf151915/miniconda3/condabin/conda run -n openevolve-env python ../../../final_test.py`

  environment variables:
conda info could not be constructed.
KeyError('active_prefix_name')

An unexpected error has occurred. Conda has prepared the above report.
If you suspect this error is being caused by a malfunctioning plugin,
consider using the --no-plugins option to turn off plugins.

Example: conda --no-plugins install <package>

Alternatively, you can set the CONDA_NO_PLUGINS environment variable on
the command line to run the command without plugins enabled.

Example: CONDA_NO_PLUGINS=true conda install <package>

